{"name": "Test adjust", "status": "failed", "statusDetails": {"message": "AssertionError: Dont have this row", "trace": "self = <test_exe.TestExe object at 0xffffafb4d590>\n\n    @allure.title(\"Test adjust\")\n    def test_open_and_adjust_position(self):\n        self.login_page().open()\n        self.login_page().login()\n        self.menu().settings.open_setting_market()\n        self.markers_pages().open_create()\n        self.markers_pages().create.choose_enable()\n        self.markers_pages().create.fill_name(\"pagoda\")\n        self.markers_pages().create.fill_configuration(\"babu\")\n        self.markers_pages().create.fill_market_type(\"Fortex\")\n        self.markers_pages().create.choose_save_to_csv_file()\n        self.markers_pages().create.choose_save_to_log_file()\n        self.markers_pages().create.click_create()\n        self.markers_pages().refresh_page()\n        self.markers_pages().open_action_position_by_name(\"pagoda\")\n        self.markers_pages().positions.open_adjust()\n        self.markers_pages().positions.adjust.fill_symbol(\"EUR/USD$\")\n        self.markers_pages().positions.adjust.fill_price(\"200\")\n        self.markers_pages().positions.adjust.fill_volume(\"100\")\n        self.markers_pages().positions.adjust.fill_comments(\"basta\")\n        self.markers_pages().positions.adjust.click_buy()\n        self.markers_pages().positions.adjust.click_ok()\n        self.markers_pages().refresh_page()\n        self.markers_pages().open_action_position_by_name(\"pagoda\")\n>       self.markers_pages().positions.find_row_by_username(\"EUR/USD$\")\n\ntests/test_exe.py:64: \n_ _ _ _ _ _ _ _ _ _ _ _ _ _ _ _ _ _ _ _ _ _ _ _ _ _ _ _ _ _ _ _ _ _ _ _ _ _ _ _ \n\nself = <pages.markers_page.components.positions.positions.Positions object at 0xffffafa16950>\nusername = 'EUR/USD$'\n\n    def find_row_by_username(self, username):\n        for i, row in enumerate(self._rows, start=1):\n            if username in self.get_row_content(i):\n                assert True  # нашли — тест проходит\n                return\n>       assert False, \"Dont have this row\"  # не нашли — тест падает\nE       AssertionError: Dont have this row\n\npages/markers_page/components/positions/positions.py:56: AssertionError"}, "steps": [{"name": "Step", "status": "passed", "parameters": [{"name": "name", "value": "'pagoda'"}], "start": 1749597109314, "stop": 1749597111126}, {"name": "Step", "status": "passed", "parameters": [{"name": "name", "value": "'pagoda'"}], "start": 1749597115254, "stop": 1749597115517}], "attachments": [{"name": 1749597079.1205275, "source": "1d1f3694-56b0-4fc0-bb53-e23d254390ba-attachment.png", "type": "image/png"}, {"name": 1749597079.1205275, "source": "79c5ed71-3ded-4b46-99ed-a99ec5d263cf-attachment.png", "type": "image/png"}], "start": 1749597097175, "stop": 1749597116561, "uuid": "8916dc76-8496-4ce9-9b28-e0350a95289c", "historyId": "36e9e6dea728ecd40c2e9e7f3372b7f1", "testCaseId": "36e9e6dea728ecd40c2e9e7f3372b7f1", "fullName": "tests.test_exe.TestExe#test_open_and_adjust_position", "labels": [{"name": "parentSuite", "value": "tests"}, {"name": "suite", "value": "test_exe"}, {"name": "subSuite", "value": "TestExe"}, {"name": "host", "value": "d4f3a7b0249d"}, {"name": "thread", "value": "12-MainThread"}, {"name": "framework", "value": "pytest"}, {"name": "language", "value": "cpython3"}, {"name": "package", "value": "tests.test_exe"}]}