{"name": "Test for change name", "status": "failed", "statusDetails": {"message": "AssertionError: Dont have this row", "trace": "self = <test_exe.TestExe object at 0xffff8b7bf090>\n\n    @allure.title(\"Test for change name\")\n    def test_create_marker_and_change_name_marker(self):\n        self.login_page().open()\n        self.login_page().login()\n        self.menu().settings.open_setting_market()\n        self.markers_pages().open_create()\n        self.markers_pages().create.choose_enable()\n        self.markers_pages().create.fill_name(\"berlin\")\n        self.markers_pages().create.fill_configuration(\"babu\")\n        self.markers_pages().create.fill_market_type(\"Fortex\")\n        self.markers_pages().create.choose_save_to_csv_file()\n        self.markers_pages().create.choose_save_to_log_file()\n        self.markers_pages().create.click_create()\n        self.markers_pages().refresh_page()\n>       self.markers_pages().find_row_by_username(\"berlin\")\n\ntests/test_exe.py:27: \n_ _ _ _ _ _ _ _ _ _ _ _ _ _ _ _ _ _ _ _ _ _ _ _ _ _ _ _ _ _ _ _ _ _ _ _ _ _ _ _ \n\nself = <pages.markers_page.page.MarkersPage object at 0xffff8b68c710>\nusername = 'berlin'\n\n    def find_row_by_username(self, username):\n        for i, row in enumerate(self._rows, start=1):\n            if username in self.get_row_content(i):\n                assert True  # нашли — тест проходит\n                return\n>       assert False, \"Dont have this row\"  # не нашли — тест падает\nE       AssertionError: Dont have this row\n\npages/markers_page/page.py:73: AssertionError"}, "start": 1749591832184, "stop": 1749591840945, "uuid": "168b4196-f20d-4432-8e11-456f45a38ddd", "historyId": "f8de49c9b1fe105f7b7d48335c053509", "testCaseId": "f8de49c9b1fe105f7b7d48335c053509", "fullName": "tests.test_exe.TestExe#test_create_marker_and_change_name_marker", "labels": [{"name": "parentSuite", "value": "tests"}, {"name": "suite", "value": "test_exe"}, {"name": "subSuite", "value": "TestExe"}, {"name": "host", "value": "b916b6fa6c8e"}, {"name": "thread", "value": "12-MainThread"}, {"name": "framework", "value": "pytest"}, {"name": "language", "value": "cpython3"}, {"name": "package", "value": "tests.test_exe"}]}