{"name": "Test adjust position", "status": "failed", "statusDetails": {"message": "AssertionError: Dont have this row", "trace": "self = <test_exe.TestExe object at 0x1058f5950>\n\n    @allure.title(\"Test adjust position\")\n    def test_open_and_adjust_position(self):\n        self.login_page().open()\n        self.login_page().login()\n        self.menu().settings.open_setting_market()\n        self.markers_pages().open_action_position_by_name(\"pogoda\")\n        self.markers_pages().positions.open_adjust()\n        self.markers_pages().positions.adjust.fill_symbol(\"EUR/USD$\")\n        self.markers_pages().positions.adjust.fill_price(\"200\")\n        self.markers_pages().positions.adjust.fill_volume(\"100\")\n        self.markers_pages().positions.adjust.fill_comments(\"basta\")\n        self.markers_pages().positions.adjust.click_buy()\n        self.markers_pages().positions.adjust.click_ok()\n        self.markers_pages().refresh_page()\n        self.markers_pages().open_action_position_by_name(\"pogoda\")\n        self.markers_pages().positions.find_row_by_username(\"EUR/USD$\")\n        self.markers_pages().positions.open_adjust()\n        self.markers_pages().positions.adjust.fill_symbol(\"EUR/USD$\")\n        self.markers_pages().positions.adjust.fill_price(\"200\")\n        self.markers_pages().positions.adjust.fill_volume(\"100\")\n        self.markers_pages().positions.adjust.fill_comments(\"basta\")\n        self.markers_pages().positions.adjust.click_sell()\n        self.markers_pages().positions.adjust.click_ok()\n        self.markers_pages().refresh_page()\n        self.markers_pages().open_action_position_by_name(\"pogoda\")\n        self.markers_pages().positions.cant_find_row_by_username(\"EUR/USD$\")\n        self.markers_pages().refresh_page()\n>       self.markers_pages().find_row_by_username(\"pagoda\")\n\ntests/test_exe.py:69: \n_ _ _ _ _ _ _ _ _ _ _ _ _ _ _ _ _ _ _ _ _ _ _ _ _ _ _ _ _ _ _ _ _ _ _ _ _ _ _ _ _ _ _ _ _ _ _ _ _ _ _ _ _ _ _ _ _ _ _ _ _ _ _ _ _ _ _ _ _ _ _ _ _ _ _ _ _ _ _ _ _ _ _ _ _ _ _ _ \n\nself = <pages.markers_page.page.MarkersPage object at 0x10598b390>, username = 'pagoda'\n\n    def find_row_by_username(self, username):\n        for i, row in enumerate(self._rows, start=1):\n            if username in self.get_row_content(i):\n                assert True  # нашли — тест проходит\n                return\n>       assert False, \"Dont have this row\"  # не нашли — тест падает\nE       AssertionError: Dont have this row\n\npages/markers_page/page.py:73: AssertionError"}, "steps": [{"name": "Step", "status": "passed", "parameters": [{"name": "name", "value": "'pogoda'"}], "start": 1749513077721, "stop": 1749513078886}, {"name": "Step", "status": "passed", "parameters": [{"name": "name", "value": "'pogoda'"}], "start": 1749513083559, "stop": 1749513084709}, {"name": "Step", "status": "passed", "parameters": [{"name": "name", "value": "'pogoda'"}], "start": 1749513089318, "stop": 1749513090470}], "start": 1749513074263, "stop": 1749513092763, "uuid": "d4d5c6f4-b255-4e58-974c-c71f71b98b9d", "historyId": "36e9e6dea728ecd40c2e9e7f3372b7f1", "testCaseId": "36e9e6dea728ecd40c2e9e7f3372b7f1", "fullName": "tests.test_exe.TestExe#test_open_and_adjust_position", "labels": [{"name": "epic", "value": "Test tp"}, {"name": "parentSuite", "value": "tests"}, {"name": "suite", "value": "test_exe"}, {"name": "subSuite", "value": "TestExe"}, {"name": "host", "value": "Nikkis-MacBook-Air.local"}, {"name": "thread", "value": "87749-MainThread"}, {"name": "framework", "value": "pytest"}, {"name": "language", "value": "cpython3"}, {"name": "package", "value": "tests.test_exe"}]}